<?xml version="1.0" encoding="UTF-8"?>
<!-- Generated by org.testng.reporters.JUnitXMLReporter -->
<testsuite hostname="DESKTOP-KJG83OT" ignored="0" name="Default test" tests="2" failures="0" timestamp="2024-03-16T19:14:19 IST" time="167.762" errors="0">
  <testcase name="runScenario" time="89.696" classname="io.cucumber.testng.AbstractTestNGCucumberTests"/>
  <testcase name="runScenario" time="77.492" classname="io.cucumber.testng.AbstractTestNGCucumberTests"/>
</testsuite> <!-- Default test -->
