<?xml version="1.0" encoding="UTF-8"?>
<testng-results skipped="0" failed="0" ignored="0" total="2" passed="2">
  <reporter-output>
  </reporter-output>
  <suite name="Default suite" duration-ms="167762" started-at="2024-03-16T19:11:31 IST" finished-at="2024-03-16T19:14:19 IST">
    <groups>
      <group name="cucumber">
        <method signature="AbstractTestNGCucumberTests.runScenario(io.cucumber.testng.PickleWrapper,io.cucumber.testng.FeatureWrapper)[pri:0, instance:runner.PIM_Module_Runner@1f27fae]" name="runScenario" class="io.cucumber.testng.AbstractTestNGCucumberTests"/>
      </group> <!-- cucumber -->
    </groups>
    <test name="Default test" duration-ms="167762" started-at="2024-03-16T19:11:31 IST" finished-at="2024-03-16T19:14:19 IST">
      <class name="runner.PIM_Module_Runner">
        <test-method status="PASS" signature="setUpClass(org.testng.ITestContext)[pri:0, instance:runner.PIM_Module_Runner@1f27fae]" name="setUpClass" is-config="true" duration-ms="455" started-at="2024-03-16T19:11:31 IST" finished-at="2024-03-16T19:11:32 IST">
          <params>
            <param index="0">
              <value>
                <![CDATA[org.testng.TestRunner@1272109]]>
              </value>
            </param>
          </params>
          <reporter-output>
          </reporter-output>
        </test-method> <!-- setUpClass -->
        <test-method status="PASS" signature="runScenario(io.cucumber.testng.PickleWrapper,io.cucumber.testng.FeatureWrapper)[pri:0, instance:runner.PIM_Module_Runner@1f27fae]" name="runScenario" duration-ms="89696" started-at="2024-03-16T19:11:32 IST" description="Runs Cucumber Scenarios" data-provider="scenarios" finished-at="2024-03-16T19:13:01 IST">
          <params>
            <param index="0">
              <value>
                <![CDATA["Test PIM functionality"]]>
              </value>
            </param>
            <param index="1">
              <value>
                <![CDATA["verify PIM Module"]]>
              </value>
            </param>
          </params>
          <reporter-output>
          </reporter-output>
        </test-method> <!-- runScenario -->
        <test-method status="PASS" signature="runScenario(io.cucumber.testng.PickleWrapper,io.cucumber.testng.FeatureWrapper)[pri:0, instance:runner.PIM_Module_Runner@1f27fae]" name="runScenario" duration-ms="77492" started-at="2024-03-16T19:13:01 IST" description="Runs Cucumber Scenarios" data-provider="scenarios" finished-at="2024-03-16T19:14:19 IST">
          <params>
            <param index="0">
              <value>
                <![CDATA["Test PIM functionality"]]>
              </value>
            </param>
            <param index="1">
              <value>
                <![CDATA["verify PIM Module"]]>
              </value>
            </param>
          </params>
          <reporter-output>
          </reporter-output>
        </test-method> <!-- runScenario -->
        <test-method status="PASS" signature="tearDownClass()[pri:0, instance:runner.PIM_Module_Runner@1f27fae]" name="tearDownClass" is-config="true" duration-ms="81" started-at="2024-03-16T19:14:19 IST" finished-at="2024-03-16T19:14:19 IST">
          <reporter-output>
          </reporter-output>
        </test-method> <!-- tearDownClass -->
      </class> <!-- runner.PIM_Module_Runner -->
    </test> <!-- Default test -->
  </suite> <!-- Default suite -->
</testng-results>
